[12:22:14] [main/INFO]: Setting user: ForgeDevName
[12:22:15] [Client thread/INFO]: LWJGL Version: 2.9.1
[12:22:22] [Client thread/INFO]: Reloading ResourceManager: Default, FMLFileResourcePack:Forge Mod Loader, FMLFileResourcePack:Minecraft Forge, FMLFileResourcePack:Lets Mod Reboot
[12:22:22] [Sound Library Loader/INFO]: Sound engine started
[12:22:24] [Client thread/INFO]: Created: 512x256 textures/blocks-atlas
[12:22:25] [Client thread/INFO]: Created: 256x256 textures/items-atlas
[12:22:25] [Client thread/INFO]: Reloading ResourceManager: Default, FMLFileResourcePack:Forge Mod Loader, FMLFileResourcePack:Minecraft Forge, FMLFileResourcePack:Lets Mod Reboot
[12:22:25] [Client thread/INFO]: Created: 256x256 textures/items-atlas
[12:22:25] [Client thread/INFO]: Created: 512x256 textures/blocks-atlas
[12:22:26] [Sound Library Loader/INFO]: Sound engine started
[12:22:42] [Server thread/INFO]: Starting integrated minecraft server version 1.7.10
[12:22:42] [Server thread/INFO]: Generating keypair
[12:22:42] [Server thread/INFO]: Converting map!
[12:22:42] [Server thread/INFO]: Scanning folders...
[12:22:42] [Server thread/INFO]: Total conversion count is 0
[12:22:43] [Server thread/INFO]: Preparing start region for level 0
[12:22:43] [Server thread/INFO]: Changing view distance to 12, from 10
[12:22:44] [Server thread/INFO]: ForgeDevName[local:E:54116291] logged in with entity id 6 at (-1114.5, 4.0, 466.5)
[12:22:44] [Server thread/INFO]: ForgeDevName joined the game
[12:22:47] [Server thread/INFO]: ForgeDevName has just earned the achievement [Taking Inventory]
[12:22:47] [Client thread/INFO]: [CHAT] ForgeDevName has just earned the achievement [Taking Inventory]
[12:23:39] [Client thread/INFO]: Stopping!
[12:23:39] [Server thread/INFO]: Stopping server
[12:23:39] [Server thread/INFO]: Saving players
[12:23:39] [Server thread/INFO]: Saving worlds
[12:23:39] [Server thread/INFO]: Saving chunks for level 'New World'/Overworld
[12:23:39] [Server thread/INFO]: Saving chunks for level 'New World'/Nether
[12:23:39] [Server thread/INFO]: Saving chunks for level 'New World'/The End
